favorite/build/intermediates/manifest_merge_blame_file/debug/manifest-merger-blame-debug-report.txt
1<?xml version="1.0" encoding="utf-8"?>
2<manifest xmlns:android="http://schemas.android.com/apk/res/android"
3    xmlns:dist="http://schemas.android.com/apk/distribution"
4    featureSplit="favorite"
5    package="com.yumtaufikhidayat.rickandmortys"
6    android:versionCode="1"
7    android:versionName="1.0" >
8
9    <uses-sdk
10        android:minSdkVersion="26"
10-->src/main/AndroidManifest.xml
11        android:targetSdkVersion="26" />
11-->src/main/AndroidManifest.xml
12
13    <dist:module
13-->src/main/AndroidManifest.xml:4:5-11:19
14        dist:instant="false"
14-->src/main/AndroidManifest.xml:5:9-29
15        dist:title="@string/tvFavorite" >
15-->src/main/AndroidManifest.xml:6:9-40
16        <dist:delivery>
16-->src/main/AndroidManifest.xml:7:9-9:25
17            <dist:install-time />
17-->src/main/AndroidManifest.xml:8:13-34
18        </dist:delivery>
19
20        <dist:fusing dist:include="true" />
20-->src/main/AndroidManifest.xml:10:9-44
20-->src/main/AndroidManifest.xml:10:22-41
21    </dist:module>
22
23    <application android:extractNativeLibs="false" />
24
25</manifest>